<?xml version="1.0" encoding="UTF-8"?>
<!-- Generated by org.testng.reporters.JUnitReportReporter -->
<testsuite skipped="0" hostname="ODE-1875" name="com.dex.qa.testcases.LoginPageTest" tests="1" failures="0" timestamp="25 Sep 2018 20:14:40 GMT" time="9.525" errors="0">
  <testcase name="loginTest" time="9.525" classname="com.dex.qa.testcases.LoginPageTest"/>
</testsuite> <!-- com.dex.qa.testcases.LoginPageTest -->
